[2020-04-21 17:41:36 : INFO] - Re_Smush_It_Task with attachment ID : 12590, autocreated on : April 21, 2020 05:41:36 
[2020-04-21 17:41:54 : INFO] - Re_Smush_It_Task server status: Online 
[2020-04-21 17:41:55 : INFO] - Processing task with ID : 2, and type 'smush' 
[2020-04-21 17:41:55 : INFO] - Processing task with ID : 2, and type 'smush' 
[2020-04-21 17:41:55 : INFO] - Re_Smush_It_Task - attachment ID : 12590, started on : April 21, 2020 05:41:54 
[2020-04-21 17:41:55 : INFO] - Re_Smush_It_Task - attachment ID : 12590, started on : April 21, 2020 05:41:54 
[2020-04-21 17:41:55 : INFO] - 99 
[2020-04-21 17:41:55 : INFO] - 99 
[2020-04-21 17:41:57 : INFO] - Backing up the original image - 2020/04/465_00-2020-02-17-1707-updraft-pre-smush-original.jpg 
[2020-04-21 17:41:57 : INFO] - Backing up the original image - 2020/04/465_00-2020-02-17-1707-updraft-pre-smush-original.jpg 
[2020-04-21 17:41:57 : INFO] - Re_Smush_It_Task - attachment ID : 12590, started on : April 21, 2020 05:41:54 
[2020-04-21 17:41:57 : INFO] - Re_Smush_It_Task - attachment ID : 12590, started on : April 21, 2020 05:41:54 
[2020-04-21 17:41:57 : INFO] - 99 
[2020-04-21 17:41:57 : INFO] - 99 
[2020-04-21 17:41:58 : INFO] - Re_Smush_It_Task - attachment ID : 12590, started on : April 21, 2020 05:41:54 
[2020-04-21 17:41:58 : INFO] - Re_Smush_It_Task - attachment ID : 12590, started on : April 21, 2020 05:41:54 
[2020-04-21 17:41:58 : INFO] - 99 
[2020-04-21 17:41:58 : INFO] - 99 
[2020-04-21 17:41:58 : INFO] - Re_Smush_It_Task - attachment ID : 12590, started on : April 21, 2020 05:41:54 
[2020-04-21 17:41:58 : INFO] - Re_Smush_It_Task - attachment ID : 12590, started on : April 21, 2020 05:41:54 
[2020-04-21 17:41:58 : INFO] - 99 
[2020-04-21 17:41:58 : INFO] - 99 
[2020-04-21 17:41:58 : INFO] - Re_Smush_It_Task - attachment ID : 12590, started on : April 21, 2020 05:41:54 
[2020-04-21 17:41:58 : INFO] - Re_Smush_It_Task - attachment ID : 12590, started on : April 21, 2020 05:41:54 
[2020-04-21 17:41:58 : INFO] - 99 
[2020-04-21 17:41:58 : INFO] - 99 
[2020-04-21 17:41:59 : INFO] - Re_Smush_It_Task - attachment ID : 12590, started on : April 21, 2020 05:41:54 
[2020-04-21 17:41:59 : INFO] - Re_Smush_It_Task - attachment ID : 12590, started on : April 21, 2020 05:41:54 
[2020-04-21 17:41:59 : INFO] - 99 
[2020-04-21 17:41:59 : INFO] - 99 
[2020-04-21 17:41:59 : INFO] - Re_Smush_It_Task - attachment ID : 12590, started on : April 21, 2020 05:41:54 
[2020-04-21 17:41:59 : INFO] - Re_Smush_It_Task - attachment ID : 12590, started on : April 21, 2020 05:41:54 
[2020-04-21 17:41:59 : INFO] - 99 
[2020-04-21 17:41:59 : INFO] - 99 
[2020-04-21 17:42:05 : INFO] - Re_Smush_It_Task - attachment ID : 12590, started on : April 21, 2020 05:41:54 
[2020-04-21 17:42:05 : INFO] - Re_Smush_It_Task - attachment ID : 12590, started on : April 21, 2020 05:41:54 
[2020-04-21 17:42:05 : INFO] - 99 
[2020-04-21 17:42:05 : INFO] - 99 
[2020-04-21 17:42:05 : INFO] - Re_Smush_It_Task - attachment ID : 12590, started on : April 21, 2020 05:41:54 
[2020-04-21 17:42:05 : INFO] - Re_Smush_It_Task - attachment ID : 12590, started on : April 21, 2020 05:41:54 
[2020-04-21 17:42:05 : INFO] - 99 
[2020-04-21 17:42:05 : INFO] - 99 
[2020-04-21 17:42:07 : INFO] - Re_Smush_It_Task - attachment ID : 12590, started on : April 21, 2020 05:41:54 
[2020-04-21 17:42:07 : INFO] - Re_Smush_It_Task - attachment ID : 12590, started on : April 21, 2020 05:41:54 
[2020-04-21 17:42:07 : INFO] - 99 
[2020-04-21 17:42:07 : INFO] - 99 
[2020-04-21 17:42:07 : INFO] - Re_Smush_It_Task - attachment ID : 12590, started on : April 21, 2020 05:41:54 
[2020-04-21 17:42:07 : INFO] - Re_Smush_It_Task - attachment ID : 12590, started on : April 21, 2020 05:41:54 
[2020-04-21 17:42:07 : INFO] - 99 
[2020-04-21 17:42:07 : INFO] - 99 
[2020-04-21 17:42:07 : INFO] - Re_Smush_It_Task - attachment ID : 12590, started on : April 21, 2020 05:41:54 
[2020-04-21 17:42:07 : INFO] - Re_Smush_It_Task - attachment ID : 12590, started on : April 21, 2020 05:41:54 
[2020-04-21 17:42:07 : INFO] - 99 
[2020-04-21 17:42:07 : INFO] - 99 
[2020-04-21 17:42:08 : INFO] - Re_Smush_It_Task - attachment ID : 12590, started on : April 21, 2020 05:41:54 
[2020-04-21 17:42:08 : INFO] - Re_Smush_It_Task - attachment ID : 12590, started on : April 21, 2020 05:41:54 
[2020-04-21 17:42:08 : INFO] - 99 
[2020-04-21 17:42:08 : INFO] - 99 
[2020-04-21 17:42:08 : INFO] - Re_Smush_It_Task - attachment ID : 12590, started on : April 21, 2020 05:41:54 
[2020-04-21 17:42:08 : INFO] - Re_Smush_It_Task - attachment ID : 12590, started on : April 21, 2020 05:41:54 
[2020-04-21 17:42:08 : INFO] - 99 
[2020-04-21 17:42:08 : INFO] - 99 
[2020-04-21 17:42:08 : INFO] - Re_Smush_It_Task - attachment ID : 12590, started on : April 21, 2020 05:41:54 
[2020-04-21 17:42:08 : INFO] - Re_Smush_It_Task - attachment ID : 12590, started on : April 21, 2020 05:41:54 
[2020-04-21 17:42:08 : INFO] - 99 
[2020-04-21 17:42:08 : INFO] - 99 
[2020-04-21 17:42:08 : INFO] - Re_Smush_It_Task - attachment ID : 12590, started on : April 21, 2020 05:41:54 
[2020-04-21 17:42:08 : INFO] - Re_Smush_It_Task - attachment ID : 12590, started on : April 21, 2020 05:41:54 
[2020-04-21 17:42:08 : INFO] - 99 
[2020-04-21 17:42:08 : INFO] - 99 
[2020-04-21 17:42:09 : INFO] - Successfully optimized the image - /var/www/wordpress/wp-content/uploads/2020/04/465_00-2020-02-17-1707.jpg.Le fichier a été compressé de 434.14 KB à 434.08 KB en réduisant de 0.01 pourcent avec WP-Optimize. 
[2020-04-21 17:42:09 : INFO] - Successfully optimized the image - /var/www/wordpress/wp-content/uploads/2020/04/465_00-2020-02-17-1707.jpg.Le fichier a été compressé de 434.14 KB à 434.08 KB en réduisant de 0.01 pourcent avec WP-Optimize. 
[2020-04-21 17:42:09 : INFO] - Completed processing task with ID : 2, and type 'smush' 
[2020-04-21 17:42:09 : INFO] - Completed processing task with ID : 2, and type 'smush' 
[2020-04-21 17:43:29 : INFO] - Re_Smush_It_Task with attachment ID : 12592, autocreated on : April 21, 2020 05:43:29 
[2020-04-21 17:43:50 : INFO] - Re_Smush_It_Task server status: Online 
[2020-04-21 17:43:50 : INFO] - Processing task with ID : 4, and type 'smush' 
[2020-04-21 17:43:50 : INFO] - Processing task with ID : 4, and type 'smush' 
[2020-04-21 17:43:50 : INFO] - Re_Smush_It_Task - attachment ID : 12592, started on : April 21, 2020 05:43:50 
[2020-04-21 17:43:50 : INFO] - Re_Smush_It_Task - attachment ID : 12592, started on : April 21, 2020 05:43:50 
[2020-04-21 17:43:50 : INFO] - 99 
[2020-04-21 17:43:50 : INFO] - 99 
[2020-04-21 17:43:52 : INFO] - Backing up the original image - 2020/04/0002340175_01_2ae104a7fba69fb003015578ce2f5efa20f04fe5-updraft-pre-smush-original.jpg 
[2020-04-21 17:43:52 : INFO] - Backing up the original image - 2020/04/0002340175_01_2ae104a7fba69fb003015578ce2f5efa20f04fe5-updraft-pre-smush-original.jpg 
[2020-04-21 17:43:52 : INFO] - Re_Smush_It_Task - attachment ID : 12592, started on : April 21, 2020 05:43:50 
[2020-04-21 17:43:52 : INFO] - Re_Smush_It_Task - attachment ID : 12592, started on : April 21, 2020 05:43:50 
[2020-04-21 17:43:52 : INFO] - 99 
[2020-04-21 17:43:52 : INFO] - 99 
[2020-04-21 17:43:52 : INFO] - Re_Smush_It_Task - attachment ID : 12592, started on : April 21, 2020 05:43:50 
[2020-04-21 17:43:52 : INFO] - Re_Smush_It_Task - attachment ID : 12592, started on : April 21, 2020 05:43:50 
[2020-04-21 17:43:52 : INFO] - 99 
[2020-04-21 17:43:52 : INFO] - 99 
[2020-04-21 17:43:53 : INFO] - Re_Smush_It_Task - attachment ID : 12592, started on : April 21, 2020 05:43:50 
[2020-04-21 17:43:53 : INFO] - Re_Smush_It_Task - attachment ID : 12592, started on : April 21, 2020 05:43:50 
[2020-04-21 17:43:53 : INFO] - 99 
[2020-04-21 17:43:53 : INFO] - 99 
[2020-04-21 17:43:53 : INFO] - Re_Smush_It_Task - attachment ID : 12592, started on : April 21, 2020 05:43:50 
[2020-04-21 17:43:53 : INFO] - Re_Smush_It_Task - attachment ID : 12592, started on : April 21, 2020 05:43:50 
[2020-04-21 17:43:53 : INFO] - 99 
[2020-04-21 17:43:53 : INFO] - 99 
[2020-04-21 17:43:53 : INFO] - Re_Smush_It_Task - attachment ID : 12592, started on : April 21, 2020 05:43:50 
[2020-04-21 17:43:53 : INFO] - Re_Smush_It_Task - attachment ID : 12592, started on : April 21, 2020 05:43:50 
[2020-04-21 17:43:53 : INFO] - 99 
[2020-04-21 17:43:53 : INFO] - 99 
[2020-04-21 17:43:53 : INFO] - Re_Smush_It_Task - attachment ID : 12592, started on : April 21, 2020 05:43:50 
[2020-04-21 17:43:53 : INFO] - Re_Smush_It_Task - attachment ID : 12592, started on : April 21, 2020 05:43:50 
[2020-04-21 17:43:53 : INFO] - 99 
[2020-04-21 17:43:53 : INFO] - 99 
[2020-04-21 17:43:53 : INFO] - Re_Smush_It_Task - attachment ID : 12592, started on : April 21, 2020 05:43:50 
[2020-04-21 17:43:53 : INFO] - Re_Smush_It_Task - attachment ID : 12592, started on : April 21, 2020 05:43:50 
[2020-04-21 17:43:53 : INFO] - 99 
[2020-04-21 17:43:53 : INFO] - 99 
[2020-04-21 17:43:54 : INFO] - Re_Smush_It_Task - attachment ID : 12592, started on : April 21, 2020 05:43:50 
[2020-04-21 17:43:54 : INFO] - Re_Smush_It_Task - attachment ID : 12592, started on : April 21, 2020 05:43:50 
[2020-04-21 17:43:54 : INFO] - 99 
[2020-04-21 17:43:54 : INFO] - 99 
[2020-04-21 17:43:54 : INFO] - Re_Smush_It_Task - attachment ID : 12592, started on : April 21, 2020 05:43:50 
[2020-04-21 17:43:54 : INFO] - Re_Smush_It_Task - attachment ID : 12592, started on : April 21, 2020 05:43:50 
[2020-04-21 17:43:54 : INFO] - 99 
[2020-04-21 17:43:54 : INFO] - 99 
[2020-04-21 17:43:54 : INFO] - Re_Smush_It_Task - attachment ID : 12592, started on : April 21, 2020 05:43:50 
[2020-04-21 17:43:54 : INFO] - Re_Smush_It_Task - attachment ID : 12592, started on : April 21, 2020 05:43:50 
[2020-04-21 17:43:54 : INFO] - 99 
[2020-04-21 17:43:54 : INFO] - 99 
[2020-04-21 17:43:54 : INFO] - Re_Smush_It_Task - attachment ID : 12592, started on : April 21, 2020 05:43:50 
[2020-04-21 17:43:54 : INFO] - Re_Smush_It_Task - attachment ID : 12592, started on : April 21, 2020 05:43:50 
[2020-04-21 17:43:54 : INFO] - 99 
[2020-04-21 17:43:54 : INFO] - 99 
[2020-04-21 17:43:55 : INFO] - Re_Smush_It_Task - attachment ID : 12592, started on : April 21, 2020 05:43:50 
[2020-04-21 17:43:55 : INFO] - Re_Smush_It_Task - attachment ID : 12592, started on : April 21, 2020 05:43:50 
[2020-04-21 17:43:55 : INFO] - 99 
[2020-04-21 17:43:55 : INFO] - 99 
[2020-04-21 17:43:55 : INFO] - Re_Smush_It_Task - attachment ID : 12592, started on : April 21, 2020 05:43:50 
[2020-04-21 17:43:55 : INFO] - Re_Smush_It_Task - attachment ID : 12592, started on : April 21, 2020 05:43:50 
[2020-04-21 17:43:55 : INFO] - 99 
[2020-04-21 17:43:55 : INFO] - 99 
[2020-04-21 17:43:56 : INFO] - Re_Smush_It_Task - attachment ID : 12592, started on : April 21, 2020 05:43:50 
[2020-04-21 17:43:56 : INFO] - Re_Smush_It_Task - attachment ID : 12592, started on : April 21, 2020 05:43:50 
[2020-04-21 17:43:56 : INFO] - 99 
[2020-04-21 17:43:56 : INFO] - 99 
[2020-04-21 17:43:56 : INFO] - Re_Smush_It_Task - attachment ID : 12592, started on : April 21, 2020 05:43:50 
[2020-04-21 17:43:56 : INFO] - Re_Smush_It_Task - attachment ID : 12592, started on : April 21, 2020 05:43:50 
[2020-04-21 17:43:56 : INFO] - 99 
[2020-04-21 17:43:56 : INFO] - 99 
[2020-04-21 17:43:56 : INFO] - Successfully optimized the image - /var/www/wordpress/wp-content/uploads/2020/04/0002340175_01_2ae104a7fba69fb003015578ce2f5efa20f04fe5.jpg.Le fichier a été compressé de 570.44 KB à 465.99 KB en réduisant de 18.31 pourcent avec WP-Optimize. 
[2020-04-21 17:43:56 : INFO] - Successfully optimized the image - /var/www/wordpress/wp-content/uploads/2020/04/0002340175_01_2ae104a7fba69fb003015578ce2f5efa20f04fe5.jpg.Le fichier a été compressé de 570.44 KB à 465.99 KB en réduisant de 18.31 pourcent avec WP-Optimize. 
[2020-04-21 17:43:56 : INFO] - Completed processing task with ID : 4, and type 'smush' 
[2020-04-21 17:43:56 : INFO] - Completed processing task with ID : 4, and type 'smush' 
[2020-04-21 17:46:38 : INFO] - 
 
[2020-04-21 17:46:38 : INFO] - Header for logs at time:  Tue, 21 Apr 2020 17:46:38 +0000 on https://wordpress.fludy.net 
[2020-04-21 17:46:38 : INFO] - WP: 5.4 
[2020-04-21 17:46:38 : INFO] - PHP: 7.2.24-0ubuntu0.18.04.4 (apache2handler, Linux vps814123 4.15.0-96-generic #97-Ubuntu SMP Wed Apr 1 03:25:46 UTC 2020 x86_64) 
[2020-04-21 17:46:38 : INFO] - MySQL: 5.5.5 
[2020-04-21 17:46:38 : INFO] - WPLANG: fr_FR 
[2020-04-21 17:46:38 : INFO] - Server: Apache/2.4.29 (Ubuntu) 
[2020-04-21 17:46:38 : INFO] - Outbound connections: N 
[2020-04-21 17:46:38 : INFO] - safe_mode: 0 
[2020-04-21 17:46:38 : INFO] - max_execution_time: 30 
[2020-04-21 17:46:38 : INFO] - memory_limit: 128M (used: 14M | 8M) 
[2020-04-21 17:46:38 : INFO] - multisite: N 
[2020-04-21 17:46:38 : INFO] - openssl: OpenSSL 1.1.1  11 Sep 2018 
[2020-04-21 17:46:38 : INFO] - A total of 2 tasks of type smush found and will be processed in this iteration 
[2020-04-21 17:46:38 : INFO] - Set semaphore last lock (smush) time to 2020-04-21 17:46:38 
[2020-04-21 17:46:38 : INFO] - Semaphore lock (smush) complete 
[2020-04-21 17:46:38 : INFO] - Processing task with ID : 1, and type 'smush' 
[2020-04-21 17:46:38 : INFO] - Task with ID 1 and type (smush) failed with error code invalid_file_path - The linked attachment ID does not have a valid file path 
[2020-04-21 17:46:38 : INFO] - Processing task with ID : 3, and type 'smush' 
[2020-04-21 17:46:38 : INFO] - Re_Smush_It_Task with attachment ID : 12592, autocreated on : April 21, 2020 05:43:29 
[2020-04-21 17:46:38 : INFO] - 97 
[2020-04-21 17:46:42 : INFO] - Backing up the original image - 2020/04/0002340175_01_2ae104a7fba69fb003015578ce2f5efa20f04fe5-updraft-pre-smush-original.jpg 
[2020-04-21 17:46:42 : INFO] - Re_Smush_It_Task with attachment ID : 12592, autocreated on : April 21, 2020 05:43:29 
[2020-04-21 17:46:42 : INFO] - 97 
[2020-04-21 17:46:45 : INFO] - Re_Smush_It_Task with attachment ID : 12592, autocreated on : April 21, 2020 05:43:29 
[2020-04-21 17:46:45 : INFO] - 97 
[2020-04-21 17:46:45 : INFO] - Re_Smush_It_Task with attachment ID : 12592, autocreated on : April 21, 2020 05:43:29 
[2020-04-21 17:46:45 : INFO] - 97 
[2020-04-21 17:46:47 : INFO] - Re_Smush_It_Task with attachment ID : 12592, autocreated on : April 21, 2020 05:43:29 
[2020-04-21 17:46:47 : INFO] - 97 
[2020-04-21 17:46:47 : INFO] - Re_Smush_It_Task with attachment ID : 12592, autocreated on : April 21, 2020 05:43:29 
[2020-04-21 17:46:47 : INFO] - 97 
[2020-04-21 17:46:48 : INFO] - Re_Smush_It_Task with attachment ID : 12592, autocreated on : April 21, 2020 05:43:29 
[2020-04-21 17:46:48 : INFO] - 97 
[2020-04-21 17:46:49 : INFO] - Re_Smush_It_Task with attachment ID : 12592, autocreated on : April 21, 2020 05:43:29 
[2020-04-21 17:46:49 : INFO] - 97 
[2020-04-21 17:46:50 : INFO] - Re_Smush_It_Task with attachment ID : 12592, autocreated on : April 21, 2020 05:43:29 
[2020-04-21 17:46:50 : INFO] - 97 
[2020-04-21 17:46:50 : INFO] - Re_Smush_It_Task with attachment ID : 12592, autocreated on : April 21, 2020 05:43:29 
[2020-04-21 17:46:50 : INFO] - 97 
[2020-04-21 17:46:51 : INFO] - Re_Smush_It_Task with attachment ID : 12592, autocreated on : April 21, 2020 05:43:29 
[2020-04-21 17:46:51 : INFO] - 97 
[2020-04-21 17:46:51 : INFO] - Re_Smush_It_Task with attachment ID : 12592, autocreated on : April 21, 2020 05:43:29 
[2020-04-21 17:46:51 : INFO] - 97 
[2020-04-21 17:46:52 : INFO] - Re_Smush_It_Task with attachment ID : 12592, autocreated on : April 21, 2020 05:43:29 
[2020-04-21 17:46:52 : INFO] - 97 
[2020-04-21 17:46:53 : INFO] - Re_Smush_It_Task with attachment ID : 12592, autocreated on : April 21, 2020 05:43:29 
[2020-04-21 17:46:53 : INFO] - 97 
[2020-04-21 17:46:54 : INFO] - Re_Smush_It_Task with attachment ID : 12592, autocreated on : April 21, 2020 05:43:29 
[2020-04-21 17:46:54 : INFO] - 97 
[2020-04-21 17:46:54 : INFO] - Re_Smush_It_Task with attachment ID : 12592, autocreated on : April 21, 2020 05:43:29 
[2020-04-21 17:46:54 : INFO] - 97 
[2020-04-21 17:46:54 : INFO] - Successfully optimized the image - /var/www/wordpress/wp-content/uploads/2020/04/0002340175_01_2ae104a7fba69fb003015578ce2f5efa20f04fe5.jpg.Le fichier a été compressé de 465.99 KB à 465.99 KB en réduisant de 0 pourcent avec WP-Optimize. 
[2020-04-21 17:46:54 : INFO] - Completed processing task with ID : 3, and type 'smush' 
[2020-04-21 17:46:54 : INFO] - Decremented the semaphore (smush) by 1 
[2020-04-21 17:46:54 : INFO] - Semaphore (smush) unlocked 
[2020-04-21 17:46:54 : INFO] - Successfully processed the queue (smush). 2 tasks were processed out of 2. 
[2020-04-21 17:46:54 : INFO] - Semaphore (smush, wp_options) was successfully cleaned up 
[2020-04-21 17:46:54 : INFO] - Cleaning up tasks of type (smush). A total of 4 tasks will be deleted. 
